Determining if the pthread_create exist failed with the following output:
Change Dir: /home/sergey/Рабочий стол/work/oop_exercise_03/CMakeFiles/CMakeTmp

Run Build Command:"/usr/bin/make" "cmTC_7cec3/fast"
/usr/bin/make -f CMakeFiles/cmTC_7cec3.dir/build.make CMakeFiles/cmTC_7cec3.dir/build
make[1]: вход в каталог «/home/sergey/Рабочий стол/work/oop_exercise_03/CMakeFiles/CMakeTmp»
Building C object CMakeFiles/cmTC_7cec3.dir/CheckSymbolExists.c.o
/usr/bin/cc    -o CMakeFiles/cmTC_7cec3.dir/CheckSymbolExists.c.o   -c "/home/sergey/Рабочий стол/work/oop_exercise_03/CMakeFiles/CMakeTmp/CheckSymbolExists.c"
Linking C executable cmTC_7cec3
/usr/bin/cmake -E cmake_link_script CMakeFiles/cmTC_7cec3.dir/link.txt --verbose=1
/usr/bin/cc      -rdynamic CMakeFiles/cmTC_7cec3.dir/CheckSymbolExists.c.o  -o cmTC_7cec3 
CMakeFiles/cmTC_7cec3.dir/CheckSymbolExists.c.o: In function `main':
CheckSymbolExists.c:(.text+0x1b): undefined reference to `pthread_create'
collect2: error: ld returned 1 exit status
CMakeFiles/cmTC_7cec3.dir/build.make:97: recipe for target 'cmTC_7cec3' failed
make[1]: *** [cmTC_7cec3] Error 1
make[1]: выход из каталога «/home/sergey/Рабочий стол/work/oop_exercise_03/CMakeFiles/CMakeTmp»
Makefile:126: recipe for target 'cmTC_7cec3/fast' failed
make: *** [cmTC_7cec3/fast] Error 2

File /home/sergey/Рабочий стол/work/oop_exercise_03/CMakeFiles/CMakeTmp/CheckSymbolExists.c:
/* */
#include <pthread.h>

int main(int argc, char** argv)
{
  (void)argv;
#ifndef pthread_create
  return ((int*)(&pthread_create))[argc];
#else
  (void)argc;
  return 0;
#endif
}

Determining if the function pthread_create exists in the pthreads failed with the following output:
Change Dir: /home/sergey/Рабочий стол/work/oop_exercise_03/CMakeFiles/CMakeTmp

Run Build Command:"/usr/bin/make" "cmTC_18153/fast"
/usr/bin/make -f CMakeFiles/cmTC_18153.dir/build.make CMakeFiles/cmTC_18153.dir/build
make[1]: вход в каталог «/home/sergey/Рабочий стол/work/oop_exercise_03/CMakeFiles/CMakeTmp»
Building C object CMakeFiles/cmTC_18153.dir/CheckFunctionExists.c.o
/usr/bin/cc   -DCHECK_FUNCTION_EXISTS=pthread_create   -o CMakeFiles/cmTC_18153.dir/CheckFunctionExists.c.o   -c /usr/share/cmake-3.10/Modules/CheckFunctionExists.c
Linking C executable cmTC_18153
/usr/bin/cmake -E cmake_link_script CMakeFiles/cmTC_18153.dir/link.txt --verbose=1
/usr/bin/cc  -DCHECK_FUNCTION_EXISTS=pthread_create    -rdynamic CMakeFiles/cmTC_18153.dir/CheckFunctionExists.c.o  -o cmTC_18153 -lpthreads 
/usr/bin/ld: cannot find -lpthreads
collect2: error: ld returned 1 exit status
CMakeFiles/cmTC_18153.dir/build.make:97: recipe for target 'cmTC_18153' failed
make[1]: *** [cmTC_18153] Error 1
make[1]: выход из каталога «/home/sergey/Рабочий стол/work/oop_exercise_03/CMakeFiles/CMakeTmp»
Makefile:126: recipe for target 'cmTC_18153/fast' failed
make: *** [cmTC_18153/fast] Error 2


